#
# There is insufficient memory for the Java Runtime Environment to continue.
# Native memory allocation (mmap) failed to map 805306368 bytes for G1 virtual space
# Possible reasons:
#   The system is out of physical RAM or swap space
#   The process is running with CompressedOops enabled, and the Java Heap may be blocking the growth of the native heap
# Possible solutions:
#   Reduce memory load on the system
#   Increase physical memory or swap space
#   Check if swap backing store is full
#   Decrease Java heap size (-Xmx/-Xms)
#   Decrease number of Java threads
#   Decrease Java thread stack sizes (-Xss)
#   Set larger code cache with -XX:ReservedCodeCacheSize=
#   JVM is running with Zero Based Compressed Oops mode in which the Java heap is
#     placed in the first 32GB address space. The Java Heap base address is the
#     maximum limit for the native heap growth. Please use -XX:HeapBaseMinAddress
#     to set the Java Heap base and to place the Java Heap above 32GB virtual address.
# This output file may be truncated or incomplete.
#
#  Out of Memory Error (os_windows.cpp:3825), pid=124984, tid=96680
#
# JRE version:  (17.0.10+8) (build )
# Java VM: OpenJDK 64-Bit Server VM (17.0.10+8-b1207.12, mixed mode, sharing, tiered, compressed oops, compressed class ptrs, g1 gc, windows-amd64)
# No core dump will be written. Minidumps are not enabled by default on client versions of Windows
#

---------------  S U M M A R Y ------------

Command Line: git4idea.http.GitAskPassApp Username for 'https://github.com': 

Host: 13th Gen Intel(R) Core(TM) i7-13650HX, 20 cores, 47G,  Windows 11 , 64 bit Build 22621 (10.0.22621.3374)
Time: Tue Apr 16 00:13:24 2024 Türkiye Standart Saati elapsed time: 0.100586 seconds (0d 0h 0m 0s)

---------------  T H R E A D  ---------------

Current thread (0x0000024b10d6e980):  JavaThread "Unknown thread" [_thread_in_vm, id=96680, stack(0x000000ef3f800000,0x000000ef3f900000)]

Stack: [0x000000ef3f800000,0x000000ef3f900000]
Native frames: (J=compiled Java code, j=interpreted, Vv=VM code, C=native code)
V  [jvm.dll+0x687989]
V  [jvm.dll+0x84116a]
V  [jvm.dll+0x842dae]
V  [jvm.dll+0x843413]
V  [jvm.dll+0x249ccf]
V  [jvm.dll+0x684759]
V  [jvm.dll+0x67900a]
V  [jvm.dll+0x30ab0b]
V  [jvm.dll+0x311fb6]
V  [jvm.dll+0x361d5e]
V  [jvm.dll+0x361f8f]
V  [jvm.dll+0x2e07f8]
V  [jvm.dll+0x2e1764]
V  [jvm.dll+0x811c31]
V  [jvm.dll+0x36fc11]
V  [jvm.dll+0x7f0666]
V  [jvm.dll+0x3f3daf]
V  [jvm.dll+0x3f5a41]
C  [jli.dll+0x528f]
C  [ucrtbase.dll+0x29333]
C  [KERNEL32.DLL+0x1257d]
C  [ntdll.dll+0x5aa48]


---------------  P R O C E S S  ---------------

Threads class SMR info:
_java_thread_list=0x00007ffc53f4df58, length=0, elements={
}

Java Threads: ( => current thread )

Other Threads:
  0x0000024b40468bd0 GCTaskThread "GC Thread#0" [stack: 0x000000ef3f900000,0x000000ef3fa00000] [id=50464]
  0x0000024b40475910 ConcurrentGCThread "G1 Main Marker" [stack: 0x000000ef3fa00000,0x000000ef3fb00000] [id=51680]
  0x0000024b40477240 ConcurrentGCThread "G1 Conc#0" [stack: 0x000000ef3fb00000,0x000000ef3fc00000] [id=111196]

[error occurred during error reporting (printing all threads), id 0xc0000005, EXCEPTION_ACCESS_VIOLATION (0xc0000005) at pc=0x00007ffc537013c7]

VM state: not at safepoint (not fully initialized)

VM Mutex/Monitor currently owned by a thread:  ([mutex/lock_event])
[0x0000024b10d6ccc0] Heap_lock - owner thread: 0x0000024b10d6e980

Heap address: 0x0000000505800000, size: 12200 MB, Compressed Oops mode: Zero based, Oop shift amount: 3

CDS archive(s) mapped at: [0x0000000000000000-0x0000000000000000-0x0000000000000000), size 0, SharedBaseAddress: 0x0000000800000000, ArchiveRelocationMode: 1.
Narrow klass base: 0x0000000000000000, Narrow klass shift: 0, Narrow klass range: 0x0

GC Precious Log:
<Empty>

Heap:
 garbage-first heap   total 0K, used 0K [0x0000000505800000, 0x0000000800000000)
  region size 8192K, 0 young (0K), 0 survivors (0K)
 Metaspace       used 0K, committed 0K, reserved 0K
  class space    used 0K, committed 0K, reserved 0K

Heap Regions: E=young(eden), S=young(survivor), O=old, HS=humongous(starts), HC=humongous(continues), CS=collection set, F=free, OA=open archive, CA=closed archive, TAMS=top-at-mark-start (previous, next)

Card table byte_map: [0x0000024b25730000,0x0000024b26f10000] _byte_map_base: 0x0000024b22f04000

Marking Bits (Prev, Next): (CMBitMap*) 0x0000024b40469000, (CMBitMap*) 0x0000024b40469040
 Prev Bits: [0x0000024b286f0000, 0x0000024b34590000)
 Next Bits: [0x0000024b34590000, 0x0000024b40430000)

GC Heap History (0 events):
No events

Dll operation events (1 events):
Event: 0.005 Loaded shared library C:\Program Files\JetBrains\IntelliJ IDEA Community Edition 2023.3\jbr\bin\java.dll

Deoptimization events (0 events):
No events

Classes unloaded (0 events):
No events

Classes redefined (0 events):
No events

Internal exceptions (0 events):
No events

VM Operations (0 events):
No events

Events (0 events):
No events


Dynamic libraries:
0x00007ff6ba5b0000 - 0x00007ff6ba5ba000 	C:\Program Files\JetBrains\IntelliJ IDEA Community Edition 2023.3\jbr\bin\java.exe
0x00007ffd2ee30000 - 0x00007ffd2f046000 	C:\Windows\SYSTEM32\ntdll.dll
0x00007ffd2d9f0000 - 0x00007ffd2dab4000 	C:\Windows\System32\KERNEL32.DLL
0x00007ffd2c150000 - 0x00007ffd2c4f7000 	C:\Windows\System32\KERNELBASE.dll
0x0000000071d90000 - 0x00000000720c2000 	C:\Program Files\Norton Security\NortonData\22.23.3.8\Definitions\IPSDefs\20240412.064\IPSEng64.dll
0x00007ffd2cca0000 - 0x00007ffd2cd52000 	C:\Windows\System32\ADVAPI32.dll
0x00007ffd2eb90000 - 0x00007ffd2ec37000 	C:\Windows\System32\msvcrt.dll
0x00007ffd2e8b0000 - 0x00007ffd2e958000 	C:\Windows\System32\sechost.dll
0x00007ffd2c530000 - 0x00007ffd2c558000 	C:\Windows\System32\bcrypt.dll
0x00007ffd2e600000 - 0x00007ffd2e715000 	C:\Windows\System32\RPCRT4.dll
0x00007ffd2eb40000 - 0x00007ffd2eb48000 	C:\Windows\System32\PSAPI.DLL
0x00007ffd2ca40000 - 0x00007ffd2cb51000 	C:\Windows\System32\ucrtbase.dll
0x00007ffcf5640000 - 0x00007ffcf5657000 	C:\Program Files\JetBrains\IntelliJ IDEA Community Edition 2023.3\jbr\bin\jli.dll
0x00007ffd06ea0000 - 0x00007ffd06ebb000 	C:\Program Files\JetBrains\IntelliJ IDEA Community Edition 2023.3\jbr\bin\VCRUNTIME140.dll
0x00007ffd2d3d0000 - 0x00007ffd2d57e000 	C:\Windows\System32\USER32.dll
0x00007ffd2c500000 - 0x00007ffd2c526000 	C:\Windows\System32\win32u.dll
0x00007ffd0dc90000 - 0x00007ffd0df23000 	C:\Windows\WinSxS\amd64_microsoft.windows.common-controls_6595b64144ccf1df_6.0.22621.3235_none_270f74e173860f98\COMCTL32.dll
0x00007ffd2e5d0000 - 0x00007ffd2e5f9000 	C:\Windows\System32\GDI32.dll
0x00007ffd2c690000 - 0x00007ffd2c7a9000 	C:\Windows\System32\gdi32full.dll
0x00007ffd2c830000 - 0x00007ffd2c8ca000 	C:\Windows\System32\msvcp_win.dll
0x00007ffd2eb50000 - 0x00007ffd2eb81000 	C:\Windows\System32\IMM32.DLL
0x00007ffd19c40000 - 0x00007ffd19c4c000 	C:\Program Files\JetBrains\IntelliJ IDEA Community Edition 2023.3\jbr\bin\vcruntime140_1.dll
0x00007ffcd56f0000 - 0x00007ffcd577d000 	C:\Program Files\JetBrains\IntelliJ IDEA Community Edition 2023.3\jbr\bin\msvcp140.dll
0x00007ffc53410000 - 0x00007ffc54092000 	C:\Program Files\JetBrains\IntelliJ IDEA Community Edition 2023.3\jbr\bin\server\jvm.dll
0x00007ffd25160000 - 0x00007ffd25169000 	C:\Windows\SYSTEM32\WSOCK32.dll
0x00007ffd2afb0000 - 0x00007ffd2affd000 	C:\Windows\SYSTEM32\POWRPROF.dll
0x00007ffd2e820000 - 0x00007ffd2e891000 	C:\Windows\System32\WS2_32.dll
0x00007ffd21d50000 - 0x00007ffd21d84000 	C:\Windows\SYSTEM32\WINMM.dll
0x00007ffd20ef0000 - 0x00007ffd20efa000 	C:\Windows\SYSTEM32\VERSION.dll
0x00007ffd2af90000 - 0x00007ffd2afa3000 	C:\Windows\SYSTEM32\UMPDC.dll
0x00007ffd2b240000 - 0x00007ffd2b258000 	C:\Windows\SYSTEM32\kernel.appcore.dll
0x00007ffd20cf0000 - 0x00007ffd20cfa000 	C:\Program Files\JetBrains\IntelliJ IDEA Community Edition 2023.3\jbr\bin\jimage.dll
0x00007ffd29ae0000 - 0x00007ffd29d13000 	C:\Windows\SYSTEM32\DBGHELP.DLL
0x00007ffd2d580000 - 0x00007ffd2d908000 	C:\Windows\System32\combase.dll
0x00007ffd2cbc0000 - 0x00007ffd2cc97000 	C:\Windows\System32\OLEAUT32.dll
0x00007ffd19dd0000 - 0x00007ffd19e02000 	C:\Windows\SYSTEM32\dbgcore.DLL
0x00007ffd2c7b0000 - 0x00007ffd2c829000 	C:\Windows\System32\bcryptPrimitives.dll
0x00007ffcf8640000 - 0x00007ffcf8665000 	C:\Program Files\JetBrains\IntelliJ IDEA Community Edition 2023.3\jbr\bin\java.dll

dbghelp: loaded successfully - version: 4.0.5 - missing functions: none
symbol engine: initialized successfully - sym options: 0x614 - pdb path: .;C:\Program Files\JetBrains\IntelliJ IDEA Community Edition 2023.3\jbr\bin;C:\Windows\SYSTEM32;C:\Program Files\Norton Security\NortonData\22.23.3.8\Definitions\IPSDefs\20240412.064;C:\Windows\WinSxS\amd64_microsoft.windows.common-controls_6595b64144ccf1df_6.0.22621.3235_none_270f74e173860f98;C:\Program Files\JetBrains\IntelliJ IDEA Community Edition 2023.3\jbr\bin\server

VM Arguments:
java_command: git4idea.http.GitAskPassApp Username for 'https://github.com': 
java_class_path (initial): C:/Program Files/JetBrains/IntelliJ IDEA Community Edition 2023.3/plugins/vcs-git/lib/git4idea-rt.jar;C:/Program Files/JetBrains/IntelliJ IDEA Community Edition 2023.3/lib/externalProcess-rt.jar
Launcher Type: SUN_STANDARD

[Global flags]
     intx CICompilerCount                          = 12                                        {product} {ergonomic}
     uint ConcGCThreads                            = 4                                         {product} {ergonomic}
     uint G1ConcRefinementThreads                  = 15                                        {product} {ergonomic}
   size_t G1HeapRegionSize                         = 8388608                                   {product} {ergonomic}
    uintx GCDrainStackTargetSize                   = 64                                        {product} {ergonomic}
   size_t InitialHeapSize                          = 805306368                                 {product} {ergonomic}
   size_t MarkStackSize                            = 4194304                                   {product} {ergonomic}
   size_t MaxHeapSize                              = 12792627200                               {product} {ergonomic}
   size_t MinHeapDeltaBytes                        = 8388608                                   {product} {ergonomic}
   size_t MinHeapSize                              = 8388608                                   {product} {ergonomic}
    uintx NonNMethodCodeHeapSize                   = 7602480                                {pd product} {ergonomic}
    uintx NonProfiledCodeHeapSize                  = 122027880                              {pd product} {ergonomic}
    uintx ProfiledCodeHeapSize                     = 122027880                              {pd product} {ergonomic}
    uintx ReservedCodeCacheSize                    = 251658240                              {pd product} {ergonomic}
     bool SegmentedCodeCache                       = true                                      {product} {ergonomic}
   size_t SoftMaxHeapSize                          = 12792627200                            {manageable} {ergonomic}
     bool UseCompressedClassPointers               = true                           {product lp64_product} {ergonomic}
     bool UseCompressedOops                        = true                           {product lp64_product} {ergonomic}
     bool UseG1GC                                  = true                                      {product} {ergonomic}
     bool UseLargePagesIndividualAllocation        = false                                  {pd product} {ergonomic}

Logging:
Log output configuration:
 #0: stdout all=warning uptime,level,tags
 #1: stderr all=off uptime,level,tags

Environment Variables:
PATH=C:\Program Files\Git\mingw64\libexec\git-core;C:\Program Files\Git\mingw64\libexec\git-core;C:\Program Files\Git\mingw64\bin;C:\Program Files\Git\usr\bin;C:\Users\korha\bin;C:\Program Files\Common Files\Oracle\Java\javapath;C:\Windows\system32;C:\Windows;C:\Windows\System32\Wbem;C:\Windows\System32\WindowsPowerShell\v1.0;C:\Windows\System32\OpenSSH;C:\Program Files\NVIDIA Corporation\NVIDIA NvDLISR;C:\Program Files (x86)\NVIDIA Corporation\PhysX\Common;C:\Program Files\dotnet;C:\Program Files\Polyspace\R2021a\runtime\win64;C:\Program Files\Polyspace\R2021a\bin;C:\Program Files\Polyspace\R2021a\polyspace\bin;C:\Program Files\Git\cmd;C:\Users\korha\AppData\Local\Microsoft\WindowsApps;C:\Program Files\Java\jdk-20\bin;C:\Program Files\JetBrains\IntelliJ IDEA Community Edition 2023.3\bin;C:\Users\korha\AppData\Local\Programs\Microsoft VS Code\bin;C:\Users\korha\AppData\Local\GitHubDesktop\bin;C:\Users\korha\sqlite-tools-win-x64-3450100;C:\PostgreSQL\16\bin;C:\AppServ\Apache24\bin;C:\AppServ\php7;C:\AppServ\MySQL\bin
USERNAME=korha
DISPLAY=:0.0
LC_ALL=en_US.UTF-8
TERM=xterm-256color
TMPDIR=C:\Users\korha\AppData\Local\Temp
OS=Windows_NT
PROCESSOR_IDENTIFIER=Intel64 Family 6 Model 183 Stepping 1, GenuineIntel
TMP=C:\Users\korha\AppData\Local\Temp
TEMP=C:\Users\korha\AppData\Local\Temp



Periodic native trim disabled

JNI global refs:
JNI global refs: 0, weak refs: 0

JNI global refs memory usage: 0, weak refs: 0

OOME stack traces (most recent first):
Classloader memory used:


---------------  S Y S T E M  ---------------

OS:
 Windows 11 , 64 bit Build 22621 (10.0.22621.3374)
OS uptime: 5 days 15:09 hours
Hyper-V role detected

CPU: total 20 (initial active 20) (10 cores per cpu, 2 threads per core) family 6 model 183 stepping 1 microcode 0x115, cx8, cmov, fxsr, ht, mmx, 3dnowpref, sse, sse2, sse3, ssse3, sse4.1, sse4.2, popcnt, lzcnt, tsc, tscinvbit, avx, avx2, aes, erms, clmul, bmi1, bmi2, adx, sha, fma, vzeroupper, clflush, clflushopt, clwb, hv
Processor Information for all 20 processors :
  Max Mhz: 2600, Current Mhz: 2600, Mhz Limit: 2600

Memory: 4k page, system-wide physical 48771M (20466M free)
TotalPageFile size 79196M (AvailPageFile size 710M)
current process WorkingSet (physical memory assigned to process): 13M, peak: 13M
current process commit charge ("private bytes"): 76M, peak: 844M

vm_info: OpenJDK 64-Bit Server VM (17.0.10+8-b1207.12) for windows-amd64 JRE (17.0.10+8-b1207.12), built on 2024-03-15 by "builduser" with MS VC++ 16.10 / 16.11 (VS2019)

END.
